<?xml version="1.0" encoding="UTF-8"?>
<!-- Generated by org.testng.reporters.JUnitReportReporter -->
<testsuite hostname="Deepak" failures="0" tests="2" name="GooglePlace.DynamicJson" time="0.567" errors="0" timestamp="2024-09-01T18:38:33 IST" skipped="0">
  <testcase classname="GooglePlace.DynamicJson" name="addBook" time="0.019"/>
  <system-out/>
  <testcase classname="GooglePlace.DynamicJson" name="addBook" time="0.548"/>
  <system-out/>
</testsuite> <!-- GooglePlace.DynamicJson -->
